selscan --ihs --vcf test1/p4.2000.vcf --pmap --trunc-ok --threads 8 
v2.0.1
Calculating  iHS.
Input filename: test1/p4.2000.vcf
Map filename: __mapfile
Output file: outfile.ihs.out
Threads: 8
Scale parameter: 20000
Max gap parameter: 200000
EHH cutoff value: 0.05
Phased: yes
Alt flag set: no
--skip-low-freq set. Removing all variants < 0.05.
Removed 0 low frequency variants.
WARNING: Reached chromosome edge before EHH decayed below 0.05. 
WARNING: Reached chromosome edge before EHH decayed below 0.05. 
WARNING: Reached chromosome edge before EHH decayed below 0.05. 
WARNING: Reached chromosome edge before EHH decayed below 0.05. 
WARNING: Reached chromosome edge before EHH decayed below 0.05. 
WARNING: Reached chromosome edge before EHH decayed below 0.05. 
WARNING: Reached chromosome edge before EHH decayed below 0.05. 
WARNING: Reached chromosome edge before EHH decayed below 0.05. 
WARNING: Reached chromosome edge before EHH decayed below 0.05. 
WARNING: Reached chromosome edge before EHH decayed below 0.05. 
WARNING: Reached chromosome edge before EHH decayed below 0.05. 
WARNING: Reached chromosome edge before EHH decayed below 0.05. 
WARNING: Reached chromosome edge before EHH decayed below 0.05. 
WARNING: Reached chromosome edge before EHH decayed below 0.05. 
WARNING: Reached chromosome edge before EHH decayed below 0.05. 
WARNING: Reached chromosome edge before EHH decayed below 0.05. 
WARNING: Reached chromosome edge before EHH decayed below 0.05. 
WARNING: Reached chromosome edge before EHH decayed below 0.05. 
WARNING: Reached chromosome edge before EHH decayed below 0.05. 
WARNING: Reached chromosome edge before EHH decayed below 0.05. 
WARNING: Reached chromosome edge before EHH decayed below 0.05. 
WARNING: Reached chromosome edge before EHH decayed below 0.05. 
WARNING: Reached chromosome edge before EHH decayed below 0.05. 
WARNING: Reached chromosome edge before EHH decayed below 0.05. 
WARNING: Reached chromosome edge before EHH decayed below 0.05. 
WARNING: Reached chromosome edge before EHH decayed below 0.05. 
WARNING: Reached chromosome edge before EHH decayed below 0.05. 
WARNING: Reached chromosome edge before EHH decayed below 0.05. 
WARNING: Reached chromosome edge before EHH decayed below 0.05. 
WARNING: Reached chromosome edge before EHH decayed below 0.05. 
WARNING: Reached chromosome edge before EHH decayed below 0.05. 
WARNING: Reached chromosome edge before EHH decayed below 0.05. 
WARNING: Reached chromosome edge before EHH decayed below 0.05. 
WARNING: Reached chromosome edge before EHH decayed below 0.05. 
WARNING: Reached chromosome edge before EHH decayed below 0.05. 
WARNING: Reached chromosome edge before EHH decayed below 0.05. 
WARNING: Reached chromosome edge before EHH decayed below 0.05. 
WARNING: Reached chromosome edge before EHH decayed below 0.05. 
WARNING: Reached chromosome edge before EHH decayed below 0.05. 
WARNING: Reached chromosome edge before EHH decayed below 0.05. 
WARNING: Reached chromosome edge before EHH decayed below 0.05. 
WARNING: Reached chromosome edge before EHH decayed below 0.05. 
WARNING: Reached chromosome edge before EHH decayed below 0.05. 
WARNING: Reached chromosome edge before EHH decayed below 0.05. 
WARNING: Reached chromosome edge before EHH decayed below 0.05. 
WARNING: Reached chromosome edge before EHH decayed below 0.05. 
WARNING: Reached chromosome edge before EHH decayed below 0.05. 
WARNING: Reached chromosome edge before EHH decayed below 0.05. 
WARNING: Reached chromosome edge before EHH decayed below 0.05. 
WARNING: Reached chromosome edge before EHH decayed below 0.05. 
WARNING: Reached chromosome edge before EHH decayed below 0.05. 
WARNING: Reached chromosome edge before EHH decayed below 0.05. 
WARNING: Reached chromosome edge before EHH decayed below 0.05. 
WARNING: Reached chromosome edge before EHH decayed below 0.05. 
WARNING: Reached chromosome edge before EHH decayed below 0.05. 
WARNING: Reached chromosome edge before EHH decayed below 0.05. 
WARNING: Reached chromosome edge before EHH decayed below 0.05. 
WARNING: Reached chromosome edge before EHH decayed below 0.05. 
WARNING: Reached chromosome edge before EHH decayed below 0.05. 
WARNING: Reached chromosome edge before EHH decayed below 0.05. 
WARNING: Reached chromosome edge before EHH decayed below 0.05. 
WARNING: Reached chromosome edge before EHH decayed below 0.05. 
WARNING: Reached chromosome edge before EHH decayed below 0.05. 
WARNING: Reached chromosome edge before EHH decayed below 0.05. 
WARNING: Reached chromosome edge before EHH decayed below 0.05. 
WARNING: Reached chromosome edge before EHH decayed below 0.05. 
WARNING: Reached chromosome edge before EHH decayed below 0.05. 
WARNING: Reached chromosome edge before EHH decayed below 0.05. 
WARNING: Reached chromosome edge before EHH decayed below 0.05. 
WARNING: Reached chromosome edge before EHH decayed below 0.05. 
WARNING: Reached chromosome edge before EHH decayed below 0.05. 
WARNING: Reached chromosome edge before EHH decayed below 0.05. 
WARNING: Reached chromosome edge before EHH decayed below 0.05. 
WARNING: Reached chromosome edge before EHH decayed below 0.05. 
WARNING: Reached chromosome edge before EHH decayed below 0.05. 
WARNING: Reached chromosome edge before EHH decayed below 0.05. 
WARNING: Reached chromosome edge before EHH decayed below 0.05. 
WARNING: Reached chromosome edge before EHH decayed below 0.05. 
WARNING: Reached chromosome edge before EHH decayed below 0.05. 
WARNING: Reached chromosome edge before EHH decayed below 0.05. 
WARNING: Reached chromosome edge before EHH decayed below 0.05. 
WARNING: Reached chromosome edge before EHH decayed below 0.05. 
WARNING: Reached chromosome edge before EHH decayed below 0.05. 
WARNING: Reached chromosome edge before EHH decayed below 0.05. 
WARNING: Reached chromosome edge before EHH decayed below 0.05. 
WARNING: Reached chromosome edge before EHH decayed below 0.05. 
WARNING: Reached chromosome edge before EHH decayed below 0.05. 
WARNING: Reached chromosome edge before EHH decayed below 0.05. 
WARNING: Reached chromosome edge before EHH decayed below 0.05. 
WARNING: Reached chromosome edge before EHH decayed below 0.05. 
WARNING: Reached chromosome edge before EHH decayed below 0.05. 
WARNING: Reached chromosome edge before EHH decayed below 0.05. 
WARNING: Reached chromosome edge before EHH decayed below 0.05. 
WARNING: Reached chromosome edge before EHH decayed below 0.05. 
WARNING: Reached chromosome edge before EHH decayed below 0.05. 
WARNING: Reached chromosome edge before EHH decayed below 0.05. 
WARNING: Reached chromosome edge before EHH decayed below 0.05. 
WARNING: Reached chromosome edge before EHH decayed below 0.05. 
WARNING: Reached chromosome edge before EHH decayed below 0.05. 
WARNING: Reached chromosome edge before EHH decayed below 0.05. 
WARNING: Reached chromosome edge before EHH decayed below 0.05. 
WARNING: Reached chromosome edge before EHH decayed below 0.05. 
WARNING: Reached chromosome edge before EHH decayed below 0.05. 
WARNING: Reached chromosome edge before EHH decayed below 0.05. 
WARNING: Reached chromosome edge before EHH decayed below 0.05. 
WARNING: Reached chromosome edge before EHH decayed below 0.05. 
WARNING: Reached chromosome edge before EHH decayed below 0.05. 
WARNING: Reached chromosome edge before EHH decayed below 0.05. 
WARNING: Reached chromosome edge before EHH decayed below 0.05. 
WARNING: Reached chromosome edge before EHH decayed below 0.05. 
WARNING: Reached chromosome edge before EHH decayed below 0.05. 
WARNING: Reached chromosome edge before EHH decayed below 0.05. 
WARNING: Reached chromosome edge before EHH decayed below 0.05. 
WARNING: Reached chromosome edge before EHH decayed below 0.05. 
WARNING: Reached chromosome edge before EHH decayed below 0.05. 
WARNING: Reached chromosome edge before EHH decayed below 0.05. 
WARNING: Reached chromosome edge before EHH decayed below 0.05. 
WARNING: Reached chromosome edge before EHH decayed below 0.05. 
WARNING: Reached chromosome edge before EHH decayed below 0.05. 
WARNING: Reached chromosome edge before EHH decayed below 0.05. 
WARNING: Reached chromosome edge before EHH decayed below 0.05. 
WARNING: Reached chromosome edge before EHH decayed below 0.05. 
WARNING: Reached chromosome edge before EHH decayed below 0.05. 
WARNING: Reached chromosome edge before EHH decayed below 0.05. 
WARNING: Reached chromosome edge before EHH decayed below 0.05. 
WARNING: Reached chromosome edge before EHH decayed below 0.05. 
WARNING: Reached chromosome edge before EHH decayed below 0.05. 
WARNING: Reached chromosome edge before EHH decayed below 0.05. 
WARNING: Reached chromosome edge before EHH decayed below 0.05. 
WARNING: Reached chromosome edge before EHH decayed below 0.05. 
WARNING: Reached chromosome edge before EHH decayed below 0.05. 
WARNING: Reached chromosome edge before EHH decayed below 0.05. 
WARNING: Reached chromosome edge before EHH decayed below 0.05. 
WARNING: Reached chromosome edge before EHH decayed below 0.05. 
WARNING: Reached chromosome edge before EHH decayed below 0.05. 
WARNING: Reached chromosome edge before EHH decayed below 0.05. 
WARNING: Reached chromosome edge before EHH decayed below 0.05. 
WARNING: Reached chromosome edge before EHH decayed below 0.05. 
WARNING: Reached chromosome edge before EHH decayed below 0.05. 
WARNING: Reached chromosome edge before EHH decayed below 0.05. 
WARNING: Reached chromosome edge before EHH decayed below 0.05. 
WARNING: Reached chromosome edge before EHH decayed below 0.05. 
WARNING: Reached chromosome edge before EHH decayed below 0.05. 
WARNING: Reached chromosome edge before EHH decayed below 0.05. 
WARNING: Reached chromosome edge before EHH decayed below 0.05. 
WARNING: Reached chromosome edge before EHH decayed below 0.05. 
WARNING: Reached chromosome edge before EHH decayed below 0.05. 
WARNING: Reached chromosome edge before EHH decayed below 0.05. 
WARNING: Reached chromosome edge before EHH decayed below 0.05. 
WARNING: Reached chromosome edge before EHH decayed below 0.05. 
WARNING: Reached chromosome edge before EHH decayed below 0.05. 
WARNING: Reached chromosome edge before EHH decayed below 0.05. 
WARNING: Reached chromosome edge before EHH decayed below 0.05. 
WARNING: Reached chromosome edge before EHH decayed below 0.05. 
WARNING: Reached chromosome edge before EHH decayed below 0.05. 
WARNING: Reached chromosome edge before EHH decayed below 0.05. 
WARNING: Reached chromosome edge before EHH decayed below 0.05. 
WARNING: Reached chromosome edge before EHH decayed below 0.05. 
WARNING: Reached chromosome edge before EHH decayed below 0.05. 
WARNING: Reached chromosome edge before EHH decayed below 0.05. 
WARNING: Reached chromosome edge before EHH decayed below 0.05. 
WARNING: Reached chromosome edge before EHH decayed below 0.05. 
WARNING: Reached chromosome edge before EHH decayed below 0.05. 
WARNING: Reached chromosome edge before EHH decayed below 0.05. 
WARNING: Reached chromosome edge before EHH decayed below 0.05. 
WARNING: Reached chromosome edge before EHH decayed below 0.05. 
WARNING: Reached chromosome edge before EHH decayed below 0.05. 
WARNING: Reached chromosome edge before EHH decayed below 0.05. 
WARNING: Reached chromosome edge before EHH decayed below 0.05. 
WARNING: Reached chromosome edge before EHH decayed below 0.05. 
WARNING: Reached chromosome edge before EHH decayed below 0.05. 
WARNING: Reached chromosome edge before EHH decayed below 0.05. 
WARNING: Reached chromosome edge before EHH decayed below 0.05. 
WARNING: Reached chromosome edge before EHH decayed below 0.05. 
WARNING: Reached chromosome edge before EHH decayed below 0.05. 
WARNING: Reached chromosome edge before EHH decayed below 0.05. 
WARNING: Reached chromosome edge before EHH decayed below 0.05. 
WARNING: Reached chromosome edge before EHH decayed below 0.05. 
WARNING: Reached chromosome edge before EHH decayed below 0.05. 
WARNING: Reached chromosome edge before EHH decayed below 0.05. 
WARNING: Reached chromosome edge before EHH decayed below 0.05. 
WARNING: Reached chromosome edge before EHH decayed below 0.05. 
WARNING: Reached chromosome edge before EHH decayed below 0.05. 
WARNING: Reached chromosome edge before EHH decayed below 0.05. 
WARNING: Reached chromosome edge before EHH decayed below 0.05. 
WARNING: Reached chromosome edge before EHH decayed below 0.05. 
WARNING: Reached chromosome edge before EHH decayed below 0.05. 
WARNING: Reached chromosome edge before EHH decayed below 0.05. 
WARNING: Reached chromosome edge before EHH decayed below 0.05. 
WARNING: Reached chromosome edge before EHH decayed below 0.05. 
WARNING: Reached chromosome edge before EHH decayed below 0.05. 
WARNING: Reached chromosome edge before EHH decayed below 0.05. 
WARNING: Reached chromosome edge before EHH decayed below 0.05. 
WARNING: Reached chromosome edge before EHH decayed below 0.05. 
WARNING: Reached chromosome edge before EHH decayed below 0.05. 
WARNING: Reached chromosome edge before EHH decayed below 0.05. 
WARNING: Reached chromosome edge before EHH decayed below 0.05. 
WARNING: Reached chromosome edge before EHH decayed below 0.05. 
WARNING: Reached chromosome edge before EHH decayed below 0.05. 
WARNING: Reached chromosome edge before EHH decayed below 0.05. 
WARNING: Reached chromosome edge before EHH decayed below 0.05. 
WARNING: Reached chromosome edge before EHH decayed below 0.05. 
WARNING: Reached chromosome edge before EHH decayed below 0.05. 
WARNING: Reached chromosome edge before EHH decayed below 0.05. 
WARNING: Reached chromosome edge before EHH decayed below 0.05. 
WARNING: Reached chromosome edge before EHH decayed below 0.05. 
WARNING: Reached chromosome edge before EHH decayed below 0.05. 
WARNING: Reached chromosome edge before EHH decayed below 0.05. 
WARNING: Reached chromosome edge before EHH decayed below 0.05. 
WARNING: Reached chromosome edge before EHH decayed below 0.05. 
WARNING: Reached chromosome edge before EHH decayed below 0.05. 
WARNING: Reached chromosome edge before EHH decayed below 0.05. 
WARNING: Reached chromosome edge before EHH decayed below 0.05. 
WARNING: Reached chromosome edge before EHH decayed below 0.05. 
WARNING: Reached chromosome edge before EHH decayed below 0.05. 
WARNING: Reached chromosome edge before EHH decayed below 0.05. 
WARNING: Reached chromosome edge before EHH decayed below 0.05. 
WARNING: Reached chromosome edge before EHH decayed below 0.05. 
WARNING: Reached chromosome edge before EHH decayed below 0.05. 
WARNING: Reached chromosome edge before EHH decayed below 0.05. 
WARNING: Reached chromosome edge before EHH decayed below 0.05. 
WARNING: Reached chromosome edge before EHH decayed below 0.05. 
WARNING: Reached chromosome edge before EHH decayed below 0.05. 
WARNING: Reached chromosome edge before EHH decayed below 0.05. 
WARNING: Reached chromosome edge before EHH decayed below 0.05. 
WARNING: Reached chromosome edge before EHH decayed below 0.05. 
WARNING: Reached chromosome edge before EHH decayed below 0.05. 
WARNING: Reached chromosome edge before EHH decayed below 0.05. 
WARNING: Reached chromosome edge before EHH decayed below 0.05. 
WARNING: Reached chromosome edge before EHH decayed below 0.05. 
WARNING: Reached chromosome edge before EHH decayed below 0.05. 
WARNING: Reached chromosome edge before EHH decayed below 0.05. 
WARNING: Reached chromosome edge before EHH decayed below 0.05. 
WARNING: Reached chromosome edge before EHH decayed below 0.05. 
WARNING: Reached chromosome edge before EHH decayed below 0.05. 
WARNING: Reached chromosome edge before EHH decayed below 0.05. 
WARNING: Reached chromosome edge before EHH decayed below 0.05. 
WARNING: Reached chromosome edge before EHH decayed below 0.05. 
WARNING: Reached chromosome edge before EHH decayed below 0.05. 
WARNING: Reached chromosome edge before EHH decayed below 0.05. 
WARNING: Reached chromosome edge before EHH decayed below 0.05. 
WARNING: Reached chromosome edge before EHH decayed below 0.05. 
WARNING: Reached chromosome edge before EHH decayed below 0.05. 
WARNING: Reached chromosome edge before EHH decayed below 0.05. 
WARNING: Reached chromosome edge before EHH decayed below 0.05. 
WARNING: Reached chromosome edge before EHH decayed below 0.05. 
WARNING: Reached chromosome edge before EHH decayed below 0.05. 
WARNING: Reached chromosome edge before EHH decayed below 0.05. 
WARNING: Reached chromosome edge before EHH decayed below 0.05. 
WARNING: Reached chromosome edge before EHH decayed below 0.05. 
WARNING: Reached chromosome edge before EHH decayed below 0.05. 
WARNING: Reached chromosome edge before EHH decayed below 0.05. 
WARNING: Reached chromosome edge before EHH decayed below 0.05. 
WARNING: Reached chromosome edge before EHH decayed below 0.05. 
WARNING: Reached chromosome edge before EHH decayed below 0.05. 
WARNING: Reached chromosome edge before EHH decayed below 0.05. 
WARNING: Reached chromosome edge before EHH decayed below 0.05. 
WARNING: Reached chromosome edge before EHH decayed below 0.05. 
WARNING: Reached chromosome edge before EHH decayed below 0.05. 
WARNING: Reached chromosome edge before EHH decayed below 0.05. 
WARNING: Reached chromosome edge before EHH decayed below 0.05. 
WARNING: Reached chromosome edge before EHH decayed below 0.05. 
WARNING: Reached chromosome edge before EHH decayed below 0.05. 
WARNING: Reached chromosome edge before EHH decayed below 0.05. 
WARNING: Reached chromosome edge before EHH decayed below 0.05. 
WARNING: Reached chromosome edge before EHH decayed below 0.05. 
WARNING: Reached chromosome edge before EHH decayed below 0.05. 
WARNING: Reached chromosome edge before EHH decayed below 0.05. 
WARNING: Reached chromosome edge before EHH decayed below 0.05. 
WARNING: Reached chromosome edge before EHH decayed below 0.05. 
WARNING: Reached chromosome edge before EHH decayed below 0.05. 
WARNING: Reached chromosome edge before EHH decayed below 0.05. 
WARNING: Reached chromosome edge before EHH decayed below 0.05. 
WARNING: Reached chromosome edge before EHH decayed below 0.05. 
WARNING: Reached chromosome edge before EHH decayed below 0.05. 
WARNING: Reached chromosome edge before EHH decayed below 0.05. 
WARNING: Reached chromosome edge before EHH decayed below 0.05. 
WARNING: Reached chromosome edge before EHH decayed below 0.05. 
WARNING: Reached chromosome edge before EHH decayed below 0.05. 
WARNING: Reached chromosome edge before EHH decayed below 0.05. 
WARNING: Reached chromosome edge before EHH decayed below 0.05. 
WARNING: Reached chromosome edge before EHH decayed below 0.05. 
WARNING: Reached chromosome edge before EHH decayed below 0.05. 
WARNING: Reached chromosome edge before EHH decayed below 0.05. 
WARNING: Reached chromosome edge before EHH decayed below 0.05. 
WARNING: Reached chromosome edge before EHH decayed below 0.05. 
WARNING: Reached chromosome edge before EHH decayed below 0.05. 
WARNING: Reached chromosome edge before EHH decayed below 0.05. 
WARNING: Reached chromosome edge before EHH decayed below 0.05. 
WARNING: Reached chromosome edge before EHH decayed below 0.05. 
WARNING: Reached chromosome edge before EHH decayed below 0.05. 
WARNING: Reached chromosome edge before EHH decayed below 0.05. 
WARNING: Reached chromosome edge before EHH decayed below 0.05. 
WARNING: Reached chromosome edge before EHH decayed below 0.05. 
WARNING: Reached chromosome edge before EHH decayed below 0.05. 
WARNING: Reached chromosome edge before EHH decayed below 0.05. 
WARNING: Reached chromosome edge before EHH decayed below 0.05. 
WARNING: Reached chromosome edge before EHH decayed below 0.05. 
WARNING: Reached chromosome edge before EHH decayed below 0.05. 
WARNING: Reached chromosome edge before EHH decayed below 0.05. 
WARNING: Reached chromosome edge before EHH decayed below 0.05. 
WARNING: Reached chromosome edge before EHH decayed below 0.05. 
WARNING: Reached chromosome edge before EHH decayed below 0.05. 
WARNING: Reached chromosome edge before EHH decayed below 0.05. 
WARNING: Reached chromosome edge before EHH decayed below 0.05. 
WARNING: Reached chromosome edge before EHH decayed below 0.05. 
WARNING: Reached chromosome edge before EHH decayed below 0.05. 
WARNING: Reached chromosome edge before EHH decayed below 0.05. 
WARNING: Reached chromosome edge before EHH decayed below 0.05. 
WARNING: Reached chromosome edge before EHH decayed below 0.05. 
WARNING: Reached chromosome edge before EHH decayed below 0.05. 
WARNING: Reached chromosome edge before EHH decayed below 0.05. 
WARNING: Reached chromosome edge before EHH decayed below 0.05. 
WARNING: Reached chromosome edge before EHH decayed below 0.05. 
WARNING: Reached chromosome edge before EHH decayed below 0.05. 
WARNING: Reached chromosome edge before EHH decayed below 0.05. 
WARNING: Reached chromosome edge before EHH decayed below 0.05. 
WARNING: Reached chromosome edge before EHH decayed below 0.05. 
WARNING: Reached chromosome edge before EHH decayed below 0.05. 
WARNING: Reached chromosome edge before EHH decayed below 0.05. 
WARNING: Reached chromosome edge before EHH decayed below 0.05. 
WARNING: Reached chromosome edge before EHH decayed below 0.05. 
WARNING: Reached chromosome edge before EHH decayed below 0.05. 
WARNING: Reached chromosome edge before EHH decayed below 0.05. 
WARNING: Reached chromosome edge before EHH decayed below 0.05. 
WARNING: Reached chromosome edge before EHH decayed below 0.05. 
WARNING: Reached chromosome edge before EHH decayed below 0.05. 
WARNING: Reached chromosome edge before EHH decayed below 0.05. 
WARNING: Reached chromosome edge before EHH decayed below 0.05. 
WARNING: Reached chromosome edge before EHH decayed below 0.05. 
WARNING: Reached chromosome edge before EHH decayed below 0.05. 
WARNING: Reached chromosome edge before EHH decayed below 0.05. 
WARNING: Reached chromosome edge before EHH decayed below 0.05. 
WARNING: Reached chromosome edge before EHH decayed below 0.05. 
WARNING: Reached chromosome edge before EHH decayed below 0.05. 
WARNING: Reached chromosome edge before EHH decayed below 0.05. 
WARNING: Reached chromosome edge before EHH decayed below 0.05. 
WARNING: Reached chromosome edge before EHH decayed below 0.05. 
WARNING: Reached chromosome edge before EHH decayed below 0.05. 
WARNING: Reached chromosome edge before EHH decayed below 0.05. 
WARNING: Reached chromosome edge before EHH decayed below 0.05. 
WARNING: Reached chromosome edge before EHH decayed below 0.05. 
WARNING: Reached chromosome edge before EHH decayed below 0.05. 
WARNING: Reached chromosome edge before EHH decayed below 0.05. 
WARNING: Reached chromosome edge before EHH decayed below 0.05. 
WARNING: Reached chromosome edge before EHH decayed below 0.05. 
WARNING: Reached chromosome edge before EHH decayed below 0.05. 
WARNING: Reached chromosome edge before EHH decayed below 0.05. 
WARNING: Reached chromosome edge before EHH decayed below 0.05. 
WARNING: Reached chromosome edge before EHH decayed below 0.05. 
WARNING: Reached chromosome edge before EHH decayed below 0.05. 
WARNING: Reached chromosome edge before EHH decayed below 0.05. 
WARNING: Reached chromosome edge before EHH decayed below 0.05. 
WARNING: Reached chromosome edge before EHH decayed below 0.05. 
WARNING: Reached chromosome edge before EHH decayed below 0.05. 
WARNING: Reached chromosome edge before EHH decayed below 0.05. 
WARNING: Reached chromosome edge before EHH decayed below 0.05. 
WARNING: Reached chromosome edge before EHH decayed below 0.05. 
WARNING: Reached chromosome edge before EHH decayed below 0.05. 
WARNING: Reached chromosome edge before EHH decayed below 0.05. 
WARNING: Reached chromosome edge before EHH decayed below 0.05. 
WARNING: Reached chromosome edge before EHH decayed below 0.05. 
WARNING: Reached chromosome edge before EHH decayed below 0.05. 
WARNING: Reached chromosome edge before EHH decayed below 0.05. 
WARNING: Reached chromosome edge before EHH decayed below 0.05. 
WARNING: Reached chromosome edge before EHH decayed below 0.05. 
WARNING: Reached chromosome edge before EHH decayed below 0.05. 
WARNING: Reached chromosome edge before EHH decayed below 0.05. 
WARNING: Reached chromosome edge before EHH decayed below 0.05. 
WARNING: Reached chromosome edge before EHH decayed below 0.05. 
WARNING: Reached chromosome edge before EHH decayed below 0.05. 
WARNING: Reached chromosome edge before EHH decayed below 0.05. 
WARNING: Reached chromosome edge before EHH decayed below 0.05. 
WARNING: Reached chromosome edge before EHH decayed below 0.05. 
WARNING: Reached chromosome edge before EHH decayed below 0.05. 
WARNING: Reached chromosome edge before EHH decayed below 0.05. 
WARNING: Reached chromosome edge before EHH decayed below 0.05. 
WARNING: Reached chromosome edge before EHH decayed below 0.05. 
WARNING: Reached chromosome edge before EHH decayed below 0.05. 
WARNING: Reached chromosome edge before EHH decayed below 0.05. 
WARNING: Reached chromosome edge before EHH decayed below 0.05. 
WARNING: Reached chromosome edge before EHH decayed below 0.05. 
WARNING: Reached chromosome edge before EHH decayed below 0.05. 
WARNING: Reached chromosome edge before EHH decayed below 0.05. 
WARNING: Reached chromosome edge before EHH decayed below 0.05. 
WARNING: Reached chromosome edge before EHH decayed below 0.05. 
WARNING: Reached chromosome edge before EHH decayed below 0.05. 
WARNING: Reached chromosome edge before EHH decayed below 0.05. 
WARNING: Reached chromosome edge before EHH decayed below 0.05. 
WARNING: Reached chromosome edge before EHH decayed below 0.05. 
WARNING: Reached chromosome edge before EHH decayed below 0.05. 
WARNING: Reached chromosome edge before EHH decayed below 0.05. 
WARNING: Reached chromosome edge before EHH decayed below 0.05. 
WARNING: Reached chromosome edge before EHH decayed below 0.05. 
WARNING: Reached chromosome edge before EHH decayed below 0.05. 
WARNING: Reached chromosome edge before EHH decayed below 0.05. 
WARNING: Reached chromosome edge before EHH decayed below 0.05. 
WARNING: Reached chromosome edge before EHH decayed below 0.05. 
WARNING: Reached chromosome edge before EHH decayed below 0.05. 
WARNING: Reached chromosome edge before EHH decayed below 0.05. 
WARNING: Reached chromosome edge before EHH decayed below 0.05. 
WARNING: Reached chromosome edge before EHH decayed below 0.05. 
WARNING: Reached chromosome edge before EHH decayed below 0.05. 
WARNING: Reached chromosome edge before EHH decayed below 0.05. 
WARNING: Reached chromosome edge before EHH decayed below 0.05. 
WARNING: Reached chromosome edge before EHH decayed below 0.05. 
WARNING: Reached chromosome edge before EHH decayed below 0.05. 
WARNING: Reached chromosome edge before EHH decayed below 0.05. 
WARNING: Reached chromosome edge before EHH decayed below 0.05. 
WARNING: Reached chromosome edge before EHH decayed below 0.05. 
WARNING: Reached chromosome edge before EHH decayed below 0.05. 
WARNING: Reached chromosome edge before EHH decayed below 0.05. 
WARNING: Reached chromosome edge before EHH decayed below 0.05. 
WARNING: Reached chromosome edge before EHH decayed below 0.05. 
WARNING: Reached chromosome edge before EHH decayed below 0.05. 
WARNING: Reached chromosome edge before EHH decayed below 0.05. 
WARNING: Reached chromosome edge before EHH decayed below 0.05. 
WARNING: Reached chromosome edge before EHH decayed below 0.05. 
WARNING: Reached chromosome edge before EHH decayed below 0.05. 
WARNING: Reached chromosome edge before EHH decayed below 0.05. 
WARNING: Reached chromosome edge before EHH decayed below 0.05. 
WARNING: Reached chromosome edge before EHH decayed below 0.05. 
WARNING: Reached chromosome edge before EHH decayed below 0.05. 
WARNING: Reached chromosome edge before EHH decayed below 0.05. 
WARNING: Reached chromosome edge before EHH decayed below 0.05. 
WARNING: Reached chromosome edge before EHH decayed below 0.05. 
WARNING: Reached chromosome edge before EHH decayed below 0.05. 
WARNING: Reached chromosome edge before EHH decayed below 0.05. 
WARNING: Reached chromosome edge before EHH decayed below 0.05. 
WARNING: Reached chromosome edge before EHH decayed below 0.05. 
WARNING: Reached chromosome edge before EHH decayed below 0.05. 
WARNING: Reached chromosome edge before EHH decayed below 0.05. 
WARNING: Reached chromosome edge before EHH decayed below 0.05. 
WARNING: Reached chromosome edge before EHH decayed below 0.05. 
WARNING: Reached chromosome edge before EHH decayed below 0.05. 
WARNING: Reached chromosome edge before EHH decayed below 0.05. 
WARNING: Reached chromosome edge before EHH decayed below 0.05. 
WARNING: Reached chromosome edge before EHH decayed below 0.05. 
WARNING: Reached chromosome edge before EHH decayed below 0.05. 
WARNING: Reached chromosome edge before EHH decayed below 0.05. 
WARNING: Reached chromosome edge before EHH decayed below 0.05. 
WARNING: Reached chromosome edge before EHH decayed below 0.05. 
WARNING: Reached chromosome edge before EHH decayed below 0.05. 
WARNING: Reached chromosome edge before EHH decayed below 0.05. 
WARNING: Reached chromosome edge before EHH decayed below 0.05. 
WARNING: Reached chromosome edge before EHH decayed below 0.05. 
WARNING: Reached chromosome edge before EHH decayed below 0.05. 
WARNING: Reached chromosome edge before EHH decayed below 0.05. 
WARNING: Reached chromosome edge before EHH decayed below 0.05. 
WARNING: Reached chromosome edge before EHH decayed below 0.05. 
WARNING: Reached chromosome edge before EHH decayed below 0.05. 
WARNING: Reached chromosome edge before EHH decayed below 0.05. 
WARNING: Reached chromosome edge before EHH decayed below 0.05. 
WARNING: Reached chromosome edge before EHH decayed below 0.05. 
WARNING: Reached chromosome edge before EHH decayed below 0.05. 
WARNING: Reached chromosome edge before EHH decayed below 0.05. 
WARNING: Reached chromosome edge before EHH decayed below 0.05. 
WARNING: Reached chromosome edge before EHH decayed below 0.05. 
WARNING: Reached chromosome edge before EHH decayed below 0.05. 
WARNING: Reached chromosome edge before EHH decayed below 0.05. 
WARNING: Reached chromosome edge before EHH decayed below 0.05. 
WARNING: Reached chromosome edge before EHH decayed below 0.05. 
WARNING: Reached chromosome edge before EHH decayed below 0.05. 
WARNING: Reached chromosome edge before EHH decayed below 0.05. 
WARNING: Reached chromosome edge before EHH decayed below 0.05. 
WARNING: Reached chromosome edge before EHH decayed below 0.05. 
WARNING: Reached chromosome edge before EHH decayed below 0.05. 
WARNING: Reached chromosome edge before EHH decayed below 0.05. 
WARNING: Reached chromosome edge before EHH decayed below 0.05. 
WARNING: Reached chromosome edge before EHH decayed below 0.05. 
WARNING: Reached chromosome edge before EHH decayed below 0.05. 
WARNING: Reached chromosome edge before EHH decayed below 0.05. 
WARNING: Reached chromosome edge before EHH decayed below 0.05. 
WARNING: Reached chromosome edge before EHH decayed below 0.05. 
WARNING: Reached chromosome edge before EHH decayed below 0.05. 
WARNING: Reached chromosome edge before EHH decayed below 0.05. 
WARNING: Reached chromosome edge before EHH decayed below 0.05. 
WARNING: Reached chromosome edge before EHH decayed below 0.05. 
WARNING: Reached chromosome edge before EHH decayed below 0.05. 
WARNING: Reached chromosome edge before EHH decayed below 0.05. 
WARNING: Reached chromosome edge before EHH decayed below 0.05. 
WARNING: Reached chromosome edge before EHH decayed below 0.05. 
WARNING: Reached chromosome edge before EHH decayed below 0.05. 
WARNING: Reached chromosome edge before EHH decayed below 0.05. 
WARNING: Reached chromosome edge before EHH decayed below 0.05. 
WARNING: Reached chromosome edge before EHH decayed below 0.05. 
WARNING: Reached chromosome edge before EHH decayed below 0.05. 
WARNING: Reached chromosome edge before EHH decayed below 0.05. 
WARNING: Reached chromosome edge before EHH decayed below 0.05. 
WARNING: Reached chromosome edge before EHH decayed below 0.05. 
WARNING: Reached chromosome edge before EHH decayed below 0.05. 
WARNING: Reached chromosome edge before EHH decayed below 0.05. 
WARNING: Reached chromosome edge before EHH decayed below 0.05. 
WARNING: Reached chromosome edge before EHH decayed below 0.05. 
WARNING: Reached chromosome edge before EHH decayed below 0.05. 
WARNING: Reached chromosome edge before EHH decayed below 0.05. 
WARNING: Reached chromosome edge before EHH decayed below 0.05. 
WARNING: Reached chromosome edge before EHH decayed below 0.05. 
WARNING: Reached chromosome edge before EHH decayed below 0.05. 
WARNING: Reached chromosome edge before EHH decayed below 0.05. 
WARNING: Reached chromosome edge before EHH decayed below 0.05. 
WARNING: Reached chromosome edge before EHH decayed below 0.05. 
WARNING: Reached chromosome edge before EHH decayed below 0.05. 
WARNING: Reached chromosome edge before EHH decayed below 0.05. 
WARNING: Reached chromosome edge before EHH decayed below 0.05. 
WARNING: Reached chromosome edge before EHH decayed below 0.05. 
WARNING: Reached chromosome edge before EHH decayed below 0.05. 
WARNING: Reached chromosome edge before EHH decayed below 0.05. 
WARNING: Reached chromosome edge before EHH decayed below 0.05. 
WARNING: Reached chromosome edge before EHH decayed below 0.05. 
WARNING: Reached chromosome edge before EHH decayed below 0.05. 
WARNING: Reached chromosome edge before EHH decayed below 0.05. 
WARNING: Reached chromosome edge before EHH decayed below 0.05. 
WARNING: Reached chromosome edge before EHH decayed below 0.05. 
WARNING: Reached chromosome edge before EHH decayed below 0.05. 
WARNING: Reached chromosome edge before EHH decayed below 0.05. 
WARNING: Reached chromosome edge before EHH decayed below 0.05. 
WARNING: Reached chromosome edge before EHH decayed below 0.05. 
WARNING: Reached chromosome edge before EHH decayed below 0.05. 
WARNING: Reached chromosome edge before EHH decayed below 0.05. 
WARNING: Reached chromosome edge before EHH decayed below 0.05. 
WARNING: Reached chromosome edge before EHH decayed below 0.05. 
WARNING: Reached chromosome edge before EHH decayed below 0.05. 
WARNING: Reached chromosome edge before EHH decayed below 0.05. 
WARNING: Reached chromosome edge before EHH decayed below 0.05. 
WARNING: Reached chromosome edge before EHH decayed below 0.05. 
WARNING: Reached chromosome edge before EHH decayed below 0.05. 
WARNING: Reached chromosome edge before EHH decayed below 0.05. 
WARNING: Reached chromosome edge before EHH decayed below 0.05. 
WARNING: Reached chromosome edge before EHH decayed below 0.05. 
WARNING: Reached chromosome edge before EHH decayed below 0.05. 
WARNING: Reached chromosome edge before EHH decayed below 0.05. 
WARNING: Reached chromosome edge before EHH decayed below 0.05. 
WARNING: Reached chromosome edge before EHH decayed below 0.05. 
WARNING: Reached chromosome edge before EHH decayed below 0.05. 
WARNING: Reached chromosome edge before EHH decayed below 0.05. 
WARNING: Reached chromosome edge before EHH decayed below 0.05. 
WARNING: Reached chromosome edge before EHH decayed below 0.05. 
WARNING: Reached chromosome edge before EHH decayed below 0.05. 
WARNING: Reached chromosome edge before EHH decayed below 0.05. 
WARNING: Reached chromosome edge before EHH decayed below 0.05. 
WARNING: Reached chromosome edge before EHH decayed below 0.05. 
WARNING: Reached chromosome edge before EHH decayed below 0.05. 
WARNING: Reached chromosome edge before EHH decayed below 0.05. 
WARNING: Reached chromosome edge before EHH decayed below 0.05. 
WARNING: Reached chromosome edge before EHH decayed below 0.05. 
WARNING: Reached chromosome edge before EHH decayed below 0.05. 
WARNING: Reached chromosome edge before EHH decayed below 0.05. 
WARNING: Reached chromosome edge before EHH decayed below 0.05. 
WARNING: Reached chromosome edge before EHH decayed below 0.05. 
WARNING: Reached chromosome edge before EHH decayed below 0.05. 
WARNING: Reached chromosome edge before EHH decayed below 0.05. 
WARNING: Reached chromosome edge before EHH decayed below 0.05. 
WARNING: Reached chromosome edge before EHH decayed below 0.05. 
WARNING: Reached chromosome edge before EHH decayed below 0.05. 
WARNING: Reached chromosome edge before EHH decayed below 0.05. 
WARNING: Reached chromosome edge before EHH decayed below 0.05. 
WARNING: Reached chromosome edge before EHH decayed below 0.05. 
WARNING: Reached chromosome edge before EHH decayed below 0.05. 
WARNING: Reached chromosome edge before EHH decayed below 0.05. 
WARNING: Reached chromosome edge before EHH decayed below 0.05. 
WARNING: Reached chromosome edge before EHH decayed below 0.05. 
WARNING: Reached chromosome edge before EHH decayed below 0.05. 
WARNING: Reached chromosome edge before EHH decayed below 0.05. 
WARNING: Reached chromosome edge before EHH decayed below 0.05. 
WARNING: Reached chromosome edge before EHH decayed below 0.05. 
WARNING: Reached chromosome edge before EHH decayed below 0.05. 
WARNING: Reached chromosome edge before EHH decayed below 0.05. 
WARNING: Reached chromosome edge before EHH decayed below 0.05. 
WARNING: Reached chromosome edge before EHH decayed below 0.05. 
WARNING: Reached chromosome edge before EHH decayed below 0.05. 
WARNING: Reached chromosome edge before EHH decayed below 0.05. 
WARNING: Reached chromosome edge before EHH decayed below 0.05. 
WARNING: Reached chromosome edge before EHH decayed below 0.05. 
WARNING: Reached chromosome edge before EHH decayed below 0.05. 
WARNING: Reached chromosome edge before EHH decayed below 0.05. 
WARNING: Reached chromosome edge before EHH decayed below 0.05. 
WARNING: Reached chromosome edge before EHH decayed below 0.05. 
WARNING: Reached chromosome edge before EHH decayed below 0.05. 
