39 0 0.384100 8305.825233 7729.184465 0.031249
113 1 0.108900 14283.210315 3904.647986 0.563244
610 2 0.069400 23438.134428 3721.138844 0.799247
615 3 0.058700 18706.702982 3853.211524 0.686174
640 4 0.558400 9325.644584 7091.177440 0.118961
1367 5 0.145000 23417.669232 4126.351265 0.753977
1417 6 0.558200 9362.728796 6930.228503 0.130655
1740 7 0.058800 18697.985021 3759.470599 0.696668
1773 8 0.144800 23846.275027 4118.482418 0.762683
1872 9 0.286700 17361.233237 4025.199338 0.634793
1913 10 0.559400 9322.258777 7033.558474 0.122346
1944 11 0.083900 24931.744993 3733.683239 0.824615
2089 12 0.558700 9370.485445 7403.243857 0.102340
2123 13 0.058500 19068.343013 3898.691372 0.689394
2150 14 0.109400 14976.445860 4310.760509 0.540855
2194 15 0.108700 15339.243766 4347.721860 0.547542
2253 16 0.058000 19462.880585 3964.239662 0.691047
2434 17 0.111300 24956.653720 4036.506170 0.791181
2692 18 0.558500 10080.379536 7691.475143 0.117467
2768 19 0.383300 9821.194753 8914.311912 0.042076
3151 20 0.109300 15568.459308 4627.615997 0.526888
3316 21 0.559200 10126.661835 7716.132431 0.118067
3416 22 0.058100 19480.880839 4023.546590 0.685000
3463 23 0.384000 9869.529502 8941.710338 0.042876
3477 24 0.058400 19336.727044 4110.078654 0.672533
3587 25 0.149800 24887.439122 4731.259895 0.721003
3644 26 0.058400 19510.391098 4211.742361 0.665804
3721 27 0.058600 19368.811820 4217.664851 0.662031
3918 28 0.559200 10380.249955 8324.452067 0.095852
4076 29 0.558700 10401.432879 8321.953095 0.096868
4086 30 0.286800 17945.346528 4706.376440 0.581265
4332 31 0.276000 14727.254956 7039.800568 0.320561
4686 32 0.558600 11250.155619 8875.253593 0.102978
4879 33 0.058300 19952.747776 4850.825504 0.614187
4935 34 0.058000 20203.033217 4863.232979 0.618492
5350 35 0.058600 19952.019731 4884.523272 0.611165
5591 36 0.383900 11331.691990 9920.563068 0.057758
5737 37 0.383900 11350.174806 9933.655413 0.057893
5768 38 0.559000 11457.589898 8977.429697 0.105941
6059 39 0.058400 20282.782329 4703.082399 0.634745
6222 40 0.558600 11474.525884 8980.721595 0.106424
6239 41 0.152600 19637.642661 4841.201308 0.608136
6396 42 0.941800 4905.832549 20635.963551 -0.623912
6454 43 0.058300 20633.197709 4916.403960 0.622919
6595 44 0.150300 26294.631119 5594.163542 0.672132
6623 45 0.558500 11957.923059 9043.011568 0.121343
6659 46 0.058800 20781.997314 4878.064541 0.629440
6765 47 0.558900 11988.426220 9237.942223 0.113187
7309 48 0.071400 22506.868497 5169.629113 0.638856
7627 49 0.058000 21530.828328 5109.795468 0.624657
7638 50 0.558700 12070.339889 9151.105846 0.120246
7875 51 0.558400 12085.355916 9147.796588 0.120943
7895 52 0.058200 21443.318236 4935.853006 0.637930
7939 53 0.057600 28120.539674 4515.507261 0.794317
8147 54 0.383600 11569.045065 11406.378591 0.006150
8237 55 0.384500 11558.402116 11466.773398 0.003457
8527 56 0.383700 11628.627250 11479.579246 0.005602
8780 57 0.559200 13387.766180 9478.656602 0.149961
9031 58 0.369900 12115.951304 10988.945288 0.042402
9196 59 0.109000 18499.953212 6509.794237 0.453603
9328 60 0.559100 13431.199623 9027.588905 0.172543
9386 61 0.558300 13455.709151 8998.783605 0.174723
9436 62 0.558700 13454.932739 9031.049043 0.173143
9575 63 0.558500 13464.886965 9028.554412 0.173584
9737 64 0.247400 17606.960958 6686.324111 0.420497
9742 65 0.369700 11648.746117 9812.101215 0.074517
10037 66 0.071600 29234.071475 5761.286733 0.705370
10304 67 0.247800 17594.045418 7004.345822 0.399998
10330 68 0.071900 23175.117654 5740.196151 0.606095
10502 69 0.151100 28482.260776 5900.799715 0.683664
10552 70 0.247700 17656.328195 6931.999672 0.406042
10743 71 0.108700 19030.745110 6310.277414 0.479407
11133 72 0.072800 22672.159205 6054.800228 0.573393
11236 73 0.111400 39053.867032 5747.386647 0.832194
11540 74 0.072500 42393.218438 5742.123850 0.868224
11695 75 0.144500 31148.526827 7405.450876 0.623886
11794 76 0.072700 23778.446135 6938.986500 0.534887
11804 77 0.559000 15012.783638 8732.593545 0.235318
12282 78 0.369200 11422.701573 12315.540349 -0.032685
12304 79 0.370100 11410.741691 12365.108747 -0.034884
12326 80 0.072800 23821.575750 6729.895133 0.548962
12354 81 0.108900 20085.387309 7121.062024 0.450335
12564 82 0.410200 9993.951016 14070.179696 -0.148562
12628 83 0.247000 20725.850821 7789.904695 0.424980
12695 84 0.050800 42731.529485 6038.544588 0.849816
12712 85 0.558900 14588.808833 8900.329177 0.214614
12757 86 0.286500 32227.570914 5646.496200 0.756449
12961 87 0.072100 21104.947411 7036.672975 0.477017
13331 88 0.144900 31198.961858 7501.602800 0.618986
13390 89 0.559200 15470.913838 9676.697983 0.203789
13776 90 0.558900 15501.395390 9677.165031 0.204623
13906 91 0.151400 37804.206567 7236.212872 0.718029
13944 92 0.069600 22484.282837 7493.177194 0.477213
14573 93 0.409800 11166.958776 15375.539183 -0.138895
14601 94 0.556200 16757.925695 9651.754221 0.239614
14638 95 0.558800 16703.702579 9798.125390 0.231670
14791 96 0.086300 42466.073861 7507.038952 0.752573
15206 97 0.085800 42849.667620 7506.185400 0.756528
15230 98 0.441800 9460.107039 16793.073612 -0.249234
15450 99 0.558000 16831.701490 9456.347449 0.250405
15469 100 0.558800 16846.638580 9517.792099 0.247977
15709 101 0.410300 10838.945689 15581.211096 -0.157614
15765 102 0.558800 16891.831046 9439.676877 0.252720
15840 103 0.410200 10865.316148 15617.547804 -0.157570
15949 104 0.144600 31451.085756 7832.537255 0.603733
16094 105 0.558900 16944.116097 9405.080420 0.255656
16393 106 0.109200 21101.886725 7886.616483 0.427431
16449 107 0.247400 24416.410194 8237.035188 0.471911
16631 108 0.071300 34490.595677 7176.534828 0.681786
16818 109 0.558800 16215.609962 10715.431635 0.179924
16974 110 0.559200 16220.326075 10756.792911 0.178377
17026 111 0.069100 44839.424336 7249.063013 0.791378
17352 112 0.086200 43090.768318 7617.998052 0.752543
17487 113 0.558400 16684.893986 10867.857770 0.186180
17914 114 0.286300 34851.673796 7309.801299 0.678318
17946 115 0.410100 12401.749396 16852.388222 -0.133179
18328 116 0.558600 18247.938803 10832.732516 0.226476
19011 117 0.144600 31827.381706 8812.768881 0.557689
19015 118 0.558300 18282.602949 10070.593213 0.258983
19029 119 0.410600 11556.055854 17058.212756 -0.169124
19169 120 0.144600 31810.135635 8900.726184 0.553140
19468 121 0.086500 42973.631407 8343.146702 0.711872
19650 122 0.410800 12640.992348 17108.313075 -0.131426
20461 123 0.086100 43386.511194 8433.021586 0.711372
20698 124 0.558400 18428.808654 11568.895351 0.202205
20891 125 0.558600 18435.128357 11587.391906 0.201660
20974 126 0.410200 13364.294398 17113.143380 -0.107384
21156 127 0.558500 18476.423048 11608.256537 0.201851
21306 128 0.558600 18496.919596 11634.332425 0.201358
21489 129 0.558400 18506.354018 11623.624676 0.201979
21765 130 0.558500 18522.935899 11641.000068 0.201720
21912 131 0.409600 13486.531984 17195.436007 -0.105513
22194 132 0.555600 18622.240695 11527.145350 0.208310
22219 133 0.557900 18603.718941 11659.824786 0.202908
22393 134 0.247100 27092.075684 8938.182604 0.481593
22421 135 0.247500 27005.833049 8944.890131 0.479883
22533 136 0.286800 35744.002749 7627.992608 0.670793
22662 137 0.558200 16559.252074 11692.172559 0.151146
22883 138 0.086400 43465.388012 7527.731096 0.761479
23073 139 0.286400 35864.179270 7931.343565 0.655314
23181 140 0.410100 14138.415925 15779.480850 -0.047692
23186 141 0.410800 14098.762082 15822.010916 -0.050081
23329 142 0.558500 17019.598198 12326.282539 0.140117
23820 143 0.144500 32234.568303 8826.204330 0.562548
24487 144 0.312400 31698.230540 8655.098093 0.563763
24818 145 0.410400 13060.898262 15594.875361 -0.077009
24829 146 0.145500 31829.126000 8441.988560 0.576380
24931 147 0.286500 36133.274262 7943.188158 0.657912
25606 148 0.410200 13706.422584 16063.555091 -0.068918
26011 149 0.558500 17264.700511 11943.507397 0.160027
26348 150 0.369600 14955.659614 14127.323193 0.024746
26357 151 0.060400 39997.028816 7377.961879 0.734091
26601 152 0.247200 29167.040691 9306.373627 0.496112
26776 153 0.069100 45695.626626 7127.707655 0.806925
26851 154 0.247600 28913.947302 9318.752361 0.491750
27043 155 0.410600 12685.871534 16474.446635 -0.113491
27095 156 0.558300 18007.484434 11253.638515 0.204160
27383 157 0.558700 17979.127591 11264.002819 0.203076
27575 158 0.568700 17503.904241 11743.072603 0.173353
27596 159 0.410000 12862.483399 16491.537795 -0.107936
27608 160 0.145000 26580.124769 8948.628077 0.472801
27686 161 0.144000 26894.913197 8937.027599 0.478477
27750 162 0.410100 12171.161607 16496.258447 -0.132053
27757 163 0.410200 12175.315901 16520.969758 -0.132555
28008 164 0.410300 12173.420743 16526.453857 -0.132767
28091 165 0.145200 26764.172958 9048.635783 0.470971
28255 166 0.285900 37670.569799 8377.428059 0.652891
28440 167 0.558800 22091.133938 11812.671910 0.271870
28500 168 0.409700 13379.516568 20198.071159 -0.178869
29255 169 0.409800 13388.061885 20220.023063 -0.179064
29452 170 0.410300 13361.595417 20248.965865 -0.180545
29585 171 0.057900 48450.276231 9010.618983 0.730542
29607 172 0.409700 14541.644185 20223.724997 -0.143248
29794 173 0.559000 22219.513935 12910.396337 0.235795
30045 174 0.410000 14570.030831 20159.281403 -0.141015
30067 175 0.558200 22300.347349 13002.813458 0.234274
30234 176 0.558300 22298.791075 12999.464788 0.234356
30312 177 0.063500 50383.251256 8876.507003 0.754044
30420 178 0.558000 23359.345631 12994.741592 0.254693
30543 179 0.558600 23341.395073 13021.623954 0.253462
30731 180 0.558800 23332.597463 13021.144954 0.253314
30927 181 0.109100 29793.123959 10751.723357 0.442638
31054 182 0.558700 23388.435978 11586.180019 0.305061
31197 183 0.410100 12918.591670 21179.064709 -0.214692
31327 184 0.558100 23450.656365 11587.256850 0.306174
31587 185 0.050200 50814.336244 9456.557699 0.730253
31719 186 0.051100 49120.092372 9470.102644 0.714904
31836 187 0.558700 23442.433432 11620.560842 0.304776
32054 188 0.109100 29003.058626 10811.276268 0.428567
32158 189 0.558000 23518.849342 11517.777928 0.310047
32391 190 0.558200 23527.696831 11526.447598 0.309884
32398 191 0.410000 12867.251447 21346.591529 -0.219843
32410 192 0.410100 12871.071698 21368.621025 -0.220162
32524 193 0.109600 28966.515720 11086.437536 0.417104
33243 194 0.150400 34885.370273 11589.547257 0.478577
33392 195 0.558300 23571.063400 10716.888083 0.342310
33540 196 0.086000 45571.927112 9791.052324 0.667868
33796 197 0.150700 34666.375563 11346.495012 0.485047
33963 198 0.409800 11808.877296 21455.640493 -0.259333
34296 199 0.083200 47132.309792 9901.347502 0.677624
34685 200 0.109500 28948.168608 10791.798031 0.428527
34827 201 0.410200 11936.290288 21481.300498 -0.255191
34999 202 0.072300 41359.889064 9612.286652 0.633753
35067 203 0.558100 23608.953375 10818.218167 0.338921
35136 204 0.409600 12177.679443 21299.610808 -0.242807
35236 205 0.558700 23565.114232 10960.955548 0.332421
35554 206 0.558300 23614.731142 10956.111591 0.333527
35650 207 0.085900 46051.782955 9931.761339 0.666220
35934 208 0.068400 50860.412212 9186.077134 0.743250
36173 209 0.370200 13970.673991 19112.907107 -0.136109
36195 210 0.558200 23678.611252 11024.699610 0.331989
36450 211 0.558500 23674.126019 11047.117890 0.331025
36803 212 0.109400 28464.295657 10719.689467 0.424118
37152 213 0.558100 23694.233878 10808.431803 0.340880
37535 214 0.558500 23661.985260 10821.355636 0.339770
37588 215 0.109300 28415.370241 10546.384373 0.430450
37592 216 0.558600 23657.493325 10721.526832 0.343712
37623 217 0.086000 46604.362159 9839.154788 0.675469
37680 218 0.150600 34837.492692 11303.593368 0.488830
38099 219 0.410300 12238.482306 21509.797494 -0.244909
38491 220 0.552600 23863.961545 10800.442015 0.344301
38972 221 0.110400 27727.461682 10620.723856 0.416756
39029 222 0.110100 27661.016985 10562.949674 0.418083
39075 223 0.410500 12043.802263 21315.017048 -0.247922
39449 224 0.128100 39255.826960 10579.207656 0.569451
39965 225 0.109400 28359.291761 10898.970448 0.415310
40212 226 0.552400 23818.043565 11566.393660 0.313708
40397 227 0.071500 45152.598255 9926.366325 0.657892
40602 228 0.410400 13718.578353 21183.570721 -0.188690
40813 229 0.410200 13739.727205 21173.203865 -0.187808
41083 230 0.552300 23788.919798 12060.058676 0.295025
41486 231 0.086100 48014.100450 10251.225436 0.670593
42061 232 0.410300 13358.879717 21169.025115 -0.199931
42365 233 0.552200 23746.586862 11677.840932 0.308239
42399 234 0.552600 23700.859248 11690.034665 0.306948
42488 235 0.261600 22307.160777 14494.906364 0.187229
42581 236 0.177400 31992.646410 11878.116248 0.430303
42615 237 0.286300 38794.682023 8464.775131 0.661157
42663 238 0.410800 13176.661202 16622.202690 -0.100883
42692 239 0.410500 13201.028257 16600.017714 -0.099501
43164 240 0.552200 18609.563553 11767.502348 0.199052
43533 241 0.109800 32345.693822 9328.903257 0.539986
44085 242 0.286400 38733.396753 9492.948242 0.610684
44153 243 0.079600 50929.922626 9031.230942 0.751226
44666 244 0.078900 51704.020636 9019.682566 0.758333
44895 245 0.079000 51572.479862 9017.923952 0.757311
45170 246 0.228200 17923.504819 12463.715865 0.157775
45200 247 0.227600 17970.141657 12434.791847 0.159913
45250 248 0.079200 51483.375650 8715.627597 0.771368
45394 249 0.109600 32566.147949 9466.373003 0.536583
45411 250 0.734800 13677.380062 15194.421288 -0.045681
45780 251 0.734900 13669.199691 15209.084288 -0.046360
45847 252 0.227600 18019.667290 12209.093323 0.169063
45902 253 0.248400 29912.377191 9764.070874 0.486220
45937 254 0.735000 12982.629504 15131.113030 -0.066508
45965 255 0.109200 33149.169487 8972.890134 0.567540
46058 256 0.110800 50840.028127 7667.674241 0.821542
46182 257 0.233500 17311.063795 11440.852762 0.179865
46185 258 0.227500 17949.249907 11228.700191 0.203717
46519 259 0.227700 17868.034322 11215.827213 0.202245
46638 260 0.286000 37559.090524 7986.088865 0.672381
46705 261 0.109000 33288.039562 9627.650551 0.538768
47408 262 0.080200 50998.017810 8950.052472 0.755728
47928 263 0.734900 13724.899109 15366.189924 -0.049057
48146 264 0.109000 33288.508710 9439.728068 0.547335
48172 265 0.068800 53218.593673 8379.928194 0.802823
48228 266 0.734800 13350.653277 15947.030029 -0.077177
48616 267 0.228200 18621.827064 12069.355545 0.188338
48867 268 0.069000 52610.821823 8585.944838 0.787287
49280 269 0.228400 18545.431630 12475.061774 0.172194
49629 270 0.079500 51789.731166 9007.058254 0.759661
50257 271 0.228500 18980.995478 12464.460223 0.182646
50442 272 0.111100 49531.960563 8717.552689 0.754491
50661 273 0.111000 49654.465028 8716.246671 0.755629
51223 274 0.068700 55903.017641 7961.777203 0.846425
51353 275 0.145000 41345.244813 8589.968731 0.682434
51368 276 0.150200 38796.011047 8695.599096 0.649488
51518 277 0.227800 19108.417660 10256.340717 0.270232
51681 278 0.734800 11028.018064 15314.066279 -0.142593
51741 279 0.228400 19030.367364 10100.039764 0.275124
51856 280 0.734700 11020.028598 15305.842404 -0.142675
51869 281 0.150000 38842.626377 8268.019781 0.671907
52033 282 0.227700 19048.545900 10161.441862 0.272906
52067 283 0.734700 11105.152774 15269.292141 -0.138294
52084 284 0.286600 30602.227112 7621.760510 0.603698
52251 285 0.228000 18921.107830 10484.487186 0.256399
52263 286 0.735100 11480.496668 15378.533091 -0.126954
52326 287 0.735300 11478.349865 15392.433425 -0.127428
52361 288 0.079600 53516.201386 7703.036195 0.841823
52752 289 0.734600 11486.984482 14785.101877 -0.109618
52818 290 0.071400 49951.399083 7697.888842 0.812176
52985 291 0.109300 29366.119877 8391.603834 0.544002
53037 292 0.228400 16205.912609 10535.985334 0.186998
53127 293 0.227600 16230.792643 10493.217012 0.189431
53185 294 0.144700 41644.925493 8351.280118 0.697809
53313 295 0.071800 49965.944057 7625.052760 0.816431
53656 296 0.144800 41581.539354 8411.931727 0.694005
53661 297 0.109000 32717.557974 8505.204702 0.585096
53794 298 0.227700 17018.711418 10542.897232 0.207967
54051 299 0.734900 11573.201603 14088.169218 -0.085401
54344 300 0.079600 53553.366009 7713.668007 0.841526
54462 301 0.227700 17056.657124 10475.861964 0.211704
54557 302 0.227900 17022.040848 10474.970693 0.210859
54902 303 0.734600 11561.954863 14114.497000 -0.086634
54941 304 0.109100 32698.056987 8394.723959 0.590516
55082 305 0.058100 46301.595510 6212.694862 0.872316
55117 306 0.558500 15301.272592 10480.551163 0.164343
55209 307 0.247800 24621.506494 7515.716575 0.515344
55240 308 0.248000 24595.020048 7516.020306 0.514859
55266 309 0.109400 30073.391374 7267.265498 0.616811
55391 310 0.228000 17239.948677 9573.400710 0.255470
55414 311 0.145300 40191.509463 7566.278062 0.725252
55487 312 0.734600 10750.542854 14020.418821 -0.115331
55844 313 0.734900 10751.568120 14065.827613 -0.116693
56658 314 0.227300 17199.777382 9850.011242 0.242086
56667 315 0.734400 10753.053541 13788.255220 -0.107978
56679 316 0.079100 46899.211740 6739.041069 0.842567
56709 317 0.109400 30269.977607 7465.498261 0.607953
56751 318 0.227900 17695.121835 9807.727071 0.256285
56779 319 0.558800 15368.864652 10626.448279 0.160254
57191 320 0.734500 10409.594656 14421.560070 -0.141578
57381 321 0.150200 37573.950258 7765.439695 0.684721
57575 322 0.228300 17496.601724 9711.661202 0.255660
57668 323 0.213100 27039.463771 7296.356230 0.568892
57849 324 0.227800 17530.034806 10093.373040 0.239746
58167 325 0.227700 17462.991642 10060.788047 0.239487
58176 326 0.079400 45339.602473 7364.155061 0.789355
58387 327 0.079400 45348.232076 7364.409973 0.789422
58660 328 0.176100 29087.402542 8899.764168 0.514326
58820 329 0.069000 44098.179719 6925.032444 0.803999
59120 330 0.176700 28758.567931 8788.975263 0.514829
59125 331 0.144800 38863.443324 8055.619051 0.683442
59209 332 0.079000 45786.754100 7452.905137 0.788414
59830 333 0.080600 44561.875573 7460.721113 0.776183
60588 334 0.558000 15510.228323 11421.403429 0.132899
60700 335 0.176500 30696.569365 8097.438603 0.578742
60752 336 0.771200 9595.252925 17466.170662 -0.260141
60892 337 0.068800 44708.024441 6600.136597 0.830833
61038 338 0.734500 10585.138173 14516.125676 -0.137154
61072 339 0.061700 45745.506954 6006.277242 0.881743
61252 340 0.558600 14241.007948 10840.448863 0.118493
61286 341 0.228900 17281.301934 8822.823297 0.291969
61415 342 0.176200 30477.196386 7547.384537 0.606179
61812 343 0.071300 44818.639902 6723.239055 0.823880
61832 344 0.228500 16793.656281 9517.698060 0.246613
61951 345 0.734400 10589.401439 14357.607518 -0.132211
61961 346 0.734100 10589.355993 14325.337360 -0.131235
62557 347 0.734400 10582.037534 14359.462342 -0.132569
62850 348 0.068100 45832.352209 6789.448253 0.829338
63154 349 0.080800 45155.525134 6877.797756 0.817261
63441 350 0.285800 21733.849116 7215.197166 0.478888
63803 351 0.228600 16496.335745 9074.895463 0.259546
63923 352 0.109100 28399.548626 7036.410875 0.605960
64227 353 0.066200 46882.328549 6406.898661 0.864361
64228 354 0.734500 10142.056299 13524.130638 -0.124983
64472 355 0.734300 10130.834787 13479.765512 -0.124037
64576 356 0.108900 28222.877347 6960.183340 0.607981
64859 357 0.228700 15620.294292 8960.785999 0.241343
64868 358 0.228700 15562.501709 8935.345607 0.240968
65126 359 0.734600 10061.477380 13441.439489 -0.125784
65233 360 0.558500 13349.645401 10475.615171 0.105290
65369 361 0.109600 27622.403181 6734.511928 0.612955
65780 362 0.061800 46515.649025 6188.510960 0.876013
65848 363 0.066400 46542.128103 6493.860772 0.855343
66160 364 0.227700 16736.930036 8632.633316 0.287533
66228 365 0.065800 47231.016729 6305.062396 0.874538
66318 366 0.228900 16591.811617 8901.025969 0.270454
66376 367 0.228500 16560.384234 8855.768208 0.271844
66449 368 0.177000 29285.494875 7275.695223 0.604778
66469 369 0.733900 10050.679432 13965.021318 -0.142846
66547 370 0.771400 8962.364857 16531.309491 -0.265885
67040 371 0.228100 16583.449495 8951.395322 0.267784
67280 372 0.228500 16538.949881 8957.015506 0.266345
67700 373 0.228200 16532.089446 8943.456991 0.266822
67740 374 0.558300 13897.773371 10369.577423 0.127184
67766 375 0.058100 40589.131364 5591.559261 0.860877
67889 376 0.734300 9282.986838 13904.581513 -0.175470
67923 377 0.734200 9276.595790 13875.297816 -0.174854
68180 378 0.228600 16405.351259 8236.291633 0.299254
68288 379 0.288000 23132.802236 6132.206073 0.576612
68375 380 0.071200 40136.647901 5221.650445 0.885733
68469 381 0.228700 15948.056396 7606.484949 0.321524
68792 382 0.558500 12677.019667 9008.213927 0.148378
68823 383 0.145500 35267.836358 5091.923445 0.840497
68862 384 0.558300 12755.509342 8956.827231 0.153544
68904 385 0.080300 39926.682489 5141.539365 0.890170
68939 386 0.558400 12750.003467 8921.982520 0.155049
68999 387 0.733900 8394.715569 13379.529605 -0.202435
69107 388 0.558300 12743.209438 8800.436405 0.160775
69144 389 0.772000 7359.940390 15815.622248 -0.332212
69150 390 0.558500 12687.044431 8716.067424 0.163040
69203 391 0.228800 15519.193753 7334.628388 0.325491
69276 392 0.229000 15474.027095 7328.275791 0.324602
69286 393 0.734500 8247.996880 13049.201592 -0.199235
69308 394 0.145100 24640.893219 5902.351533 0.620631
69388 395 0.229000 15300.279692 7246.067798 0.324597
69471 396 0.177200 20151.150852 6505.542666 0.491016
69606 397 0.733500 8633.053824 12906.768831 -0.174653
69688 398 0.228600 15293.434808 7726.845356 0.296503
70052 399 0.228600 15290.220243 7725.470812 0.296489
70071 400 0.228900 15255.359216 7722.395008 0.295670
70404 401 0.251300 20057.095105 6701.783540 0.476078
70723 402 0.108400 25966.166446 5835.868193 0.648302
71292 403 0.072400 34740.948603 4583.010597 0.879691
71441 404 0.564800 10629.102606 9009.837340 0.071780
71462 405 0.228400 14062.295725 6180.246993 0.357050
71699 406 0.251300 19232.948752 5290.097022 0.560582
71807 407 0.313500 16340.756393 6088.220677 0.428782
72032 408 0.734700 6970.237407 11922.119242 -0.233106
72123 409 0.109300 24469.706938 4782.785084 0.708948
72182 410 0.771400 6182.934932 13832.730077 -0.349713
72333 411 0.228400 13786.142936 6158.359589 0.349978
72389 412 0.734100 6941.899711 11690.425036 -0.226352
72465 413 0.287600 17871.132477 5468.375136 0.514294
72538 414 0.252000 18843.224370 5676.839002 0.521049
72582 415 0.734200 7547.095685 11638.765532 -0.188127
72680 416 0.228600 13645.023332 6684.826849 0.309884
72899 417 0.733700 7537.641908 11646.989070 -0.188978
73310 418 0.109600 23309.640980 5147.334005 0.655953
73495 419 0.251700 18519.714107 5705.534545 0.511338
73656 420 0.228300 13330.265413 7124.142782 0.272106
73694 421 0.734300 8037.335047 11426.561704 -0.152803
73711 422 0.080400 31533.184775 4869.400544 0.811292
74006 423 0.229000 13841.148200 7083.809139 0.290905
74172 424 0.229200 13764.200518 7061.081771 0.289880
74279 425 0.734100 7986.779352 11942.184153 -0.174712
74385 426 0.072700 29039.935495 4668.452463 0.793823
74456 427 0.734200 7974.653519 11902.531314 -0.173928
74590 428 0.228500 13685.466933 7056.248985 0.287686
74806 429 0.227700 13609.499670 7014.373970 0.287853
75492 430 0.109300 22417.112354 5429.073500 0.615854
75493 431 0.734100 7884.841834 11563.511937 -0.166297
75499 432 0.229200 13249.624078 6925.373712 0.281760
75518 433 0.072600 29653.187081 4508.263064 0.818062
75699 434 0.138800 21137.725747 5011.765966 0.625067
75716 435 0.058000 28828.643541 4111.439301 0.845830
75834 436 0.144500 19893.952901 5061.030084 0.594482
75936 437 0.734100 6971.458264 11496.890330 -0.217257
76112 438 0.229000 13018.680799 6114.178602 0.328229
76119 439 0.169500 22020.225015 4678.030639 0.672759
76556 440 0.171300 16142.771572 5087.373570 0.501484
76682 441 0.228800 13000.237582 5481.230004 0.375073
76695 442 0.110500 22570.802166 3986.299746 0.752977
76703 443 0.144800 18962.304600 4331.282283 0.641275
76780 444 0.071800 28877.870085 3830.534748 0.877306
76915 445 0.218900 12713.012163 5446.495977 0.368131
76940 446 0.734100 6365.051296 10442.294329 -0.214994
77251 447 0.109100 20073.224972 4146.451367 0.684941
77252 448 0.139600 26391.567420 3436.906445 0.885297
77275 449 0.313100 13309.049523 5064.444726 0.419615
77307 450 0.109000 19575.191955 3873.098931 0.703647
77385 451 0.219000 12568.557638 5159.259019 0.386698
77445 452 0.229000 11672.105575 5277.913059 0.344687
77562 453 0.109400 19437.156814 3860.048860 0.702040
77631 454 0.228400 12097.886926 5264.601876 0.361344
77949 455 0.111000 26484.511843 3418.368018 0.889173
78313 456 0.733900 5823.476462 10335.542969 -0.249151
78452 457 0.228800 12032.190798 5161.038426 0.367608
78491 458 0.564200 8414.907053 7315.173271 0.060825
78649 459 0.108700 19393.255387 3538.647241 0.738813
78680 460 0.733500 5435.644286 10343.471659 -0.279415
78874 461 0.563600 8370.567939 7319.694177 0.058262
78937 462 0.734100 5631.526827 10316.249096 -0.262896
78968 463 0.169600 19965.759365 3983.727574 0.699996
79339 464 0.071900 26072.099107 3799.926645 0.836401
79616 465 0.228400 12146.030384 5528.387638 0.341836
79859 466 0.110300 21261.468441 4040.350752 0.721174
79978 467 0.064700 17249.280157 3826.592671 0.653959
79983 468 0.228600 12524.938700 5457.738901 0.360763
80028 469 0.228800 12481.735446 5452.864692 0.359650
80471 470 0.139200 20708.696754 3853.850659 0.730258
80714 471 0.138900 17879.464304 3993.296889 0.651023
80721 472 0.771500 5567.143928 12468.514472 -0.350182
80739 473 0.064800 16796.451500 3978.558277 0.625492
81030 474 0.065200 16600.325361 3977.585131 0.620497
81266 475 0.706900 6650.281122 9270.123035 -0.144245
81294 476 0.228400 12013.774395 5357.979995 0.350678
81391 477 0.287800 14686.716187 4698.171708 0.494996
81454 478 0.228200 11949.173111 6026.224119 0.297293
81470 479 0.229200 11836.271988 6027.971398 0.293044
81507 480 0.065800 16168.459582 4536.828450 0.551916
82007 481 0.108900 18893.510562 4796.709580 0.595369
82506 482 0.064500 16495.036752 4514.417604 0.562752
82712 483 0.263800 10311.506188 6613.162716 0.192913
82736 484 0.263300 10326.706197 6601.918613 0.194292
83100 485 0.054300 20708.615730 3581.540877 0.762081
83140 486 0.264100 9841.140704 6218.919979 0.199330
83362 487 0.736700 6203.823190 9877.058793 -0.201968
83563 488 0.064800 14691.692450 3916.520309 0.574171
83569 489 0.064900 14522.077182 3902.452611 0.570691
83928 490 0.263700 9821.275153 6107.924965 0.206274
83951 491 0.109100 16971.837455 4069.829676 0.620153
84074 492 0.263900 9031.025263 6020.878923 0.176077
84089 493 0.736400 6002.691299 9029.195080 -0.177303
84094 494 0.064600 14290.666707 3836.138805 0.571158
84504 495 0.107800 17562.807474 3995.791355 0.642991
84755 496 0.672800 7473.891885 7275.499437 0.011684
84792 497 0.673000 7428.630729 7205.822851 0.013225
84961 498 0.064300 13459.098577 3562.954608 0.577206
85031 499 0.065000 13168.219533 3560.335477 0.568036
